Arguments: 
  C:\Program Files\nodejs\node.exe C:\Program Files (x86)\Yarn\bin\yarn.js

PATH: 
  C:\Users\rrivera\AppData\Local\Temp\yarn--1552832684609-0.07606424950080926;C:\DEV\LazyLoadingTest\node_modules\.bin;C:\Users\rrivera\AppData\Local\Yarn\Data\link\node_modules\.bin;C:\Program Files\libexec\lib\node_modules\npm\bin\node-gyp-bin;C:\Program Files\lib\node_modules\npm\bin\node-gyp-bin;C:\Program Files\nodejs\node_modules\npm\bin\node-gyp-bin;C:\app\rrivera\product\11.2.0\client_2;C:\app\rrivera\product\11.2.0\client_2\bin;C:\app\rrivera\product\11.2.0\client_1;C:\ProgramData\DockerDesktop\version-bin;C:\Program Files\Docker\Docker\Resources\bin;C:\ProgramData\Oracle\Java\javapath;C:\Program Files (x86)\Intel\iCLS Client\;C:\Program Files\Intel\iCLS Client\;C:\WINDOWS\system32;C:\WINDOWS;C:\WINDOWS\System32\Wbem;C:\WINDOWS\System32\WindowsPowerShell\v1.0\;C:\Program Files (x86)\Microsoft SQL Server\140\Tools\Binn\;C:\Program Files (x86)\Microsoft SQL Server\Client SDK\ODBC\130\Tools\Binn\;C:\Program Files (x86)\Microsoft SQL Server\140\DTS\Binn\;C:\Program Files (x86)\Microsoft SQL Server\140\Tools\Binn\ManagementStudio\;C:\Users\rrivera\.dnx\bin;C:\Program Files\Microsoft DNX\Dnvm\;C:\Program Files\Microsoft SQL Server\120\Tools\Binn\;C:\Program Files\Microsoft SQL Server\130\Tools\Binn\;C:\Program Files\dotnet\;C:\Program Files\Git\cmd;C:\Program Files\Microsoft SQL Server\Client SDK\ODBC\130\Tools\Binn\;C:\Program Files\Microsoft SQL Server\140\Tools\Binn\;C:\Program Files\Microsoft SQL Server\140\DTS\Binn\;C:\WINDOWS\System32\OpenSSH\;C:\Program Files\Intel\WiFi\bin\;C:\Program Files\Common Files\Intel\WirelessCommon\;C:\HashiCorp\Vagrant\bin;C:\Program Files\nodejs\;C:\Program Files (x86)\Yarn\bin\;C:\Users\rrivera\AppData\Local\Programs\Python\Python37\Scripts\;C:\Users\rrivera\AppData\Local\Programs\Python\Python37\;C:\Users\rrivera\AppData\Local\Microsoft\WindowsApps;C:\Users\rrivera\AppData\Local\Programs\Microsoft VS Code\bin;C:\Users\rrivera\AppData\Local\Programs\MiKTeX 2.9\miktex\bin\x64\;C:\Program Files\Docker Toolbox;C:\Users\rrivera\AppData\Roaming\npm;C:\Users\rrivera\AppData\Local\Yarn\bin;C:\Program Files\Docker Toolbox;C:\Users\rrivera\.dotnet\tools;C:\Program Files\Docker Toolbox

Yarn version: 
  1.15.2

Node version: 
  10.15.0

Platform: 
  win32 x64

Trace: 
  Error: EPERM: operation not permitted, scandir 'C:\DEV\LazyLoadingTest\node_modules\@types'

npm manifest: 
  {
      "name": "LazyLoadingTest",
      "version": "0.0.1",
      "description": "A proof of concept app for angularjs, lazy loading, webpack, typescript and uirouter",
      "main": "index.js",
      "author": "ramarivera",
      "license": "MIT",
      "scripts": {
          "dev": "yarn && cross-env TS_NODE_PROJECT=\"./config/webpack.tsconfig.json\" webpack-dev-server --config ./config/base.webpack.config.ts",
          "start": "yarn run dev"
      },
      "dependencies": {
          "@uirouter/angularjs": "^1.0.22",
          "@uirouter/core": "^5.0.23",
          "angular": "^1.7.8",
          "lodash": "^4.17.11",
          "lodash-es": "^4.17.11",
          "oclazyload": "^1.1.0"
      },
      "devDependencies": {
          "@types/angular": "^1.6.5",
          "@types/angular-route": "^1.3.4",
          "@types/angular-ui-bootstrap": "^0.13.46",
          "@types/angular-ui-router": "^1.1.40",
          "@types/copy-webpack-plugin": "^4.4.3",
          "@types/extract-text-webpack-plugin": "^3.0.4",
          "@types/friendly-errors-webpack-plugin": "^0.1.1",
          "@types/gulp": "^4.0.6",
          "@types/html-webpack-plugin": "^3.2.0",
          "@types/http-server": "^0.10.0",
          "@types/node": "^9.4.6",
          "@types/oclazyload": "^0.0.32",
          "@types/ts-nameof": "^2.0.0",
          "@types/webpack": "^4.4.25",
          "@types/webpack-bundle-analyzer": "^2.13.1",
          "@types/webpack-merge": "^4.1.3",
          "@types/yargs": "^12.0.9",
          "async-once": "^1.0.1",
          "camelcase": "^5.2.0",
          "clean-webpack-plugin": "^2.0.0",
          "copy-webpack-plugin": "^5.0.0",
          "cross-env": "^5.2.0",
          "css-loader": "^0.28.11",
          "extract-text-webpack-plugin": "^4.0.0-beta.0",
          "file-loader": "^1.1.11",
          "friendly-errors-webpack-plugin": "^1.7.0",
          "gulp": "^4.0.0",
          "gulp-clean": "^0.4.0",
          "gulp-filter": "^5.1.0",
          "gulp-prettier": "^2.1.0",
          "gulp-rename": "^1.4.0",
          "gulp-template": "^5.0.0",
          "gulp-tslint": "^8.1.4",
          "gutil": "^1.6.4",
          "html-webpack-plugin": "^3.2.0",
          "http-server": "^0.11.1",
          "js-beautify": "^1.9.0",
          "prettier": "^1.16.4",
          "script-loader": "^0.7.2",
          "ts-loader": "^5.3.3",
          "ts-nameof": "^3.0.1",
          "ts-node": "^8.0.3",
          "tsconfig-paths": "^3.8.0",
          "tslint": "^5.13.1",
          "tslint-config-prettier": "^1.18.0",
          "tslint-loader": "^3.5.4",
          "typescript": "2.8.1",
          "typescript-tslint-plugin": "^0.3.1",
          "webpack": "^4.29.6",
          "webpack-bundle-analyzer": "^3.1.0",
          "webpack-cli": "^3.2.3",
          "webpack-dev-server": "^3.2.1",
          "webpack-merge": "^4.2.1"
      }
  }

yarn manifest: 
  No manifest

Lockfile: 
  No lockfile
